                              1 ;--------------------------------------------------------
                              2 ; File Created by SDCC : free open source ANSI-C Compiler
                              3 ; Version 2.9.0 #5416 (Mar 22 2009) (MINGW32)
                              4 ; This file was generated Sun Sep 12 11:13:34 2010
                              5 ;--------------------------------------------------------
                              6 	.module USB_Descriptors
                              7 	.optsdcc -mmcs51 --model-small
                              8 	
                              9 ;--------------------------------------------------------
                             10 ; Public variables in this module
                             11 ;--------------------------------------------------------
                             12 	.globl _gDescriptorMap
                             13 ;--------------------------------------------------------
                             14 ; special function registers
                             15 ;--------------------------------------------------------
                             16 	.area RSEG    (DATA)
                             17 ;--------------------------------------------------------
                             18 ; special function bits
                             19 ;--------------------------------------------------------
                             20 	.area RSEG    (DATA)
                             21 ;--------------------------------------------------------
                             22 ; overlayable register banks
                             23 ;--------------------------------------------------------
                             24 	.area REG_BANK_0	(REL,OVR,DATA)
   0000                      25 	.ds 8
                             26 ;--------------------------------------------------------
                             27 ; internal ram data
                             28 ;--------------------------------------------------------
                             29 	.area DSEG    (DATA)
                             30 ;--------------------------------------------------------
                             31 ; overlayable items in internal ram 
                             32 ;--------------------------------------------------------
                             33 	.area OSEG    (OVR,DATA)
                             34 ;--------------------------------------------------------
                             35 ; indirectly addressable internal ram data
                             36 ;--------------------------------------------------------
                             37 	.area ISEG    (DATA)
                             38 ;--------------------------------------------------------
                             39 ; absolute internal ram data
                             40 ;--------------------------------------------------------
                             41 	.area IABS    (ABS,DATA)
                             42 	.area IABS    (ABS,DATA)
                             43 ;--------------------------------------------------------
                             44 ; bit data
                             45 ;--------------------------------------------------------
                             46 	.area BSEG    (BIT)
                             47 ;--------------------------------------------------------
                             48 ; paged external ram data
                             49 ;--------------------------------------------------------
                             50 	.area PSEG    (PAG,XDATA)
                             51 ;--------------------------------------------------------
                             52 ; external ram data
                             53 ;--------------------------------------------------------
                             54 	.area XSEG    (XDATA)
                             55 ;--------------------------------------------------------
                             56 ; absolute external ram data
                             57 ;--------------------------------------------------------
                             58 	.area XABS    (ABS,XDATA)
                             59 ;--------------------------------------------------------
                             60 ; external initialized ram data
                             61 ;--------------------------------------------------------
                             62 	.area XISEG   (XDATA)
                             63 	.area HOME    (CODE)
                             64 	.area GSINIT0 (CODE)
                             65 	.area GSINIT1 (CODE)
                             66 	.area GSINIT2 (CODE)
                             67 	.area GSINIT3 (CODE)
                             68 	.area GSINIT4 (CODE)
                             69 	.area GSINIT5 (CODE)
                             70 	.area GSINIT  (CODE)
                             71 	.area GSFINAL (CODE)
                             72 	.area CSEG    (CODE)
                             73 ;--------------------------------------------------------
                             74 ; global & static initialisations
                             75 ;--------------------------------------------------------
                             76 	.area HOME    (CODE)
                             77 	.area GSINIT  (CODE)
                             78 	.area GSFINAL (CODE)
                             79 	.area GSINIT  (CODE)
                             80 ;--------------------------------------------------------
                             81 ; Home
                             82 ;--------------------------------------------------------
                             83 	.area HOME    (CODE)
                             84 	.area HOME    (CODE)
                             85 ;--------------------------------------------------------
                             86 ; code
                             87 ;--------------------------------------------------------
                             88 	.area CSEG    (CODE)
                             89 	.area CSEG    (CODE)
                             90 	.area CONST   (CODE)
                    0000     91 G$gDescriptorMap$0$0 == .
   0000                      92 _gDescriptorMap:
   0000 12                   93 	.db #0x12
   0001 01                   94 	.db #0x01
   0002 00                   95 	.db #0x00
   0003 02                   96 	.db #0x02
   0004 00                   97 	.db #0x00
   0005 00                   98 	.db #0x00
   0006 00                   99 	.db #0x00
   0007 40                  100 	.db #0x40
   0008 4E                  101 	.db #0x4E
   0009 22                  102 	.db #0x22
   000A 01                  103 	.db #0x01
   000B 00                  104 	.db #0x00
   000C 00                  105 	.db #0x00
   000D 00                  106 	.db #0x00
   000E 00                  107 	.db #0x00
   000F 00                  108 	.db #0x00
   0010 00                  109 	.db #0x00
   0011 01                  110 	.db #0x01
   0012 09                  111 	.db #0x09
   0013 02                  112 	.db #0x02
   0014 20                  113 	.db #0x20
   0015 00                  114 	.db #0x00
   0016 01                  115 	.db #0x01
   0017 01                  116 	.db #0x01
   0018 00                  117 	.db #0x00
   0019 80                  118 	.db #0x80
   001A 0F                  119 	.db #0x0F
   001B 09                  120 	.db #0x09
   001C 04                  121 	.db #0x04
   001D 00                  122 	.db #0x00
   001E 00                  123 	.db #0x00
   001F 02                  124 	.db #0x02
   0020 00                  125 	.db #0x00
   0021 00                  126 	.db #0x00
   0022 00                  127 	.db #0x00
   0023 00                  128 	.db #0x00
   0024 07                  129 	.db #0x07
   0025 05                  130 	.db #0x05
   0026 81                  131 	.db #0x81
   0027 02                  132 	.db #0x02
   0028 40                  133 	.db #0x40
   0029 00                  134 	.db #0x00
   002A 05                  135 	.db #0x05
   002B 07                  136 	.db #0x07
   002C 05                  137 	.db #0x05
   002D 02                  138 	.db #0x02
   002E 02                  139 	.db #0x02
   002F 40                  140 	.db #0x40
   0030 00                  141 	.db #0x00
   0031 05                  142 	.db #0x05
   0032 00                  143 	.db 0x00
   0033 00                  144 	.db 0x00
   0034 00                  145 	.db 0x00
   0035 00                  146 	.db 0x00
   0036 00                  147 	.db 0x00
   0037 00                  148 	.db 0x00
   0038 00                  149 	.db 0x00
   0039 00                  150 	.db 0x00
   003A 00                  151 	.db 0x00
   003B 00                  152 	.db 0x00
   003C 00                  153 	.db 0x00
   003D 00                  154 	.db 0x00
   003E 00                  155 	.db 0x00
   003F 00                  156 	.db 0x00
   0040 00                  157 	.db 0x00
   0041 00                  158 	.db 0x00
   0042 00                  159 	.db 0x00
   0043 00                  160 	.db 0x00
   0044 00                  161 	.db 0x00
   0045 00                  162 	.db 0x00
   0046 00                  163 	.db 0x00
   0047 00                  164 	.db 0x00
   0048 00                  165 	.db 0x00
                            166 	.area XINIT   (CODE)
                            167 	.area CABS    (ABS,CODE)
