C51 COMPILER V8.18   USBDESCRIPTORS                                                        01/09/2011 12:30:01 PAGE 1   


C51 COMPILER V8.18, COMPILATION OF MODULE USBDESCRIPTORS
OBJECT MODULE PLACED IN UsbDescriptors.OBJ
COMPILER INVOKED BY: C:\SiLabs\MCU\IDEfiles\C51\BIN\C51.exe UsbDescriptors.c DB OE BR INCDIR(C:\SiLabs\MCU\Inc)

line level    source

   1          //-----------------------------------------------------------------------------
   2          // USBDescriptors.c
   3          //-----------------------------------------------------------------------------
   4          // Copyright (C) RDH2 Science, LLC
   5          // http://www.rdh2.com
   6          //
   7          // USBDescriptors.c contains the definitions of structs used
   8          // to provide USB description to a computer.
   9          //
  10          // Target:         C8051F32x
  11          // Tool chain:     Keil compiler
  12          // Command Line:   None
  13          //
  14          // Release 1.0 / Not Released
  15          //    -Initial Revision
  16          
  17          //-----------------------------------------------------------------------------
  18          // Includes
  19          //-----------------------------------------------------------------------------
  20          #include <compiler_defs.h>
  21          #include "USBDescriptors.h"
  22          
  23          
  24          //-----------------------------------------------------------------------------
  25          // Descriptor Declarations
  26          //-----------------------------------------------------------------------------
  27          const device_descriptor DeviceDesc =
  28          {
  29             18,                                  // bLength
  30             0x01,                                // bDescriptorType
  31             0x1001,                              // bcdUSB
  32             0x00,                                // bDeviceClass
  33             0x00,                                // bDeviceSubClass
  34             0x00,                                // bDeviceProtocol
  35             EP0_PACKET_SIZE,             // bMaxPacketSize0
  36             0x4E22,                              // idVendor
  37             0x0001,                              // idProduct
  38             0x0000,                              // bcdDevice
  39             0x01,                                // iManufacturer
  40             0x02,                                // iProduct
  41             0x00,                                // iSerialNumber
  42             0x01                                 // bNumConfigurations
  43          };
  44          
  45          
  46          const configuration_descriptor ConfigDesc =
  47          {
  48             0x09,                                // Length
  49             0x02,                                // Type
  50             0x2000,                              // Totallength
  51             0x01,                                // NumInterfaces
  52             0x01,                                // bConfigurationValue
  53             0x00,                                // iConfiguration
  54             0x80,                                // bmAttributes
  55             0x0F                                 // MaxPower
C51 COMPILER V8.18   USBDESCRIPTORS                                                        01/09/2011 12:30:01 PAGE 2   

  56          };
  57          
  58          
  59          const interface_descriptor InterfaceDesc =
  60          {
  61             0x09,                                // bLength
  62             0x04,                                // bDescriptorType
  63             0x00,                                // bInterfaceNumber
  64             0x00,                                // bAlternateSetting
  65             0x02,                                // bNumEndpoints
  66             0x00,                                // bInterfaceClass
  67             0x00,                                // bInterfaceSubClass
  68             0x00,                                // bInterfaceProcotol
  69             0x00                                 // iInterface
  70          };
  71          
  72          
  73          const endpoint_descriptor Endpoint1Desc =
  74          {
  75             0x07,                                // bLength
  76             0x05,                                // bDescriptorType
  77             0x81,                                // bEndpointAddress
  78             0x02,                                // bmAttributes (Bulk)
  79             EP1_PACKET_SIZE_LE,  // MaxPacketSize (LITTLE ENDIAN)
  80             10                                   // bInterval
  81          };
  82          
  83          
  84          const endpoint_descriptor Endpoint2Desc =
  85          {
  86             0x07,                                // bLength
  87             0x05,                                // bDescriptorType
  88             0x02,                                // bEndpointAddress
  89             0x02,                                // bmAttributes (Bulk)
  90             EP2_PACKET_SIZE_LE,  // MaxPacketSize (LITTLE ENDIAN)
  91             10                   // bInterval
  92          };
  93          
  94          
  95          //-----------------------------------------------------------------------------
  96          // String Declarations
  97          //-----------------------------------------------------------------------------
  98          #define STR0LEN 4
  99          
 100          code const U8 String0Desc[STR0LEN] =
 101          {
 102             STR0LEN, 0x03, 0x09, 0x04
 103          };
 104          
 105          
 106          #define STR1LEN sizeof("RDH2 Science, LLC") * 2
 107          
 108          code const U8 String1Desc[STR1LEN] =
 109          {
 110             STR1LEN, 0x03,
 111             'R', 0,
 112             'D', 0,
 113             'H', 0,
 114             '2', 0,
 115             ' ', 0,
 116             'S', 0,
 117             'c', 0,
C51 COMPILER V8.18   USBDESCRIPTORS                                                        01/09/2011 12:30:01 PAGE 3   

 118             'i', 0,
 119             'e', 0,
 120             'n', 0,
 121             'c', 0,
 122             'e', 0,
 123             ',', 0,
 124             ' ', 0,
 125             'L', 0,
 126             'L', 0,
 127             'C', 0
 128          }; 
 129          
 130          
 131          #define STR2LEN sizeof("SHArK Driver Board") * 2
 132          
 133          code const U8 String2Desc[STR2LEN] =
 134          {
 135             STR2LEN, 0x03,
 136             'S', 0,
 137             'H', 0,
 138             'A', 0,
 139             'r', 0,
 140             'K', 0,
 141             ' ', 0,
 142             'D', 0,
 143             'r', 0,
 144             'i', 0,
 145             'v', 0,
 146             'e', 0,
 147             'r', 0,
 148             ' ', 0,
 149             'B', 0,
 150             'o', 0,
 151             'a', 0,
 152             'r', 0,
 153             'd', 0
 154          };
 155          
 156          
 157          U8* const StringDescTable[] =
 158          {
 159             String0Desc,
 160             String1Desc,
 161             String2Desc
 162          };


MODULE INFORMATION:   STATIC OVERLAYABLE
   CODE SIZE        =   ----    ----
   CONSTANT SIZE    =    128    ----
   XDATA SIZE       =   ----    ----
   PDATA SIZE       =   ----    ----
   DATA SIZE        =      9    ----
   IDATA SIZE       =   ----    ----
   BIT SIZE         =   ----    ----
END OF MODULE INFORMATION.


C51 COMPILATION COMPLETE.  0 WARNING(S),  0 ERROR(S)
