C51 COMPILER V8.18   USBDESCRIPTOR                                                         01/09/2011 07:21:29 PAGE 1   


C51 COMPILER V8.18, COMPILATION OF MODULE USBDESCRIPTOR
OBJECT MODULE PLACED IN USBDescriptor.OBJ
COMPILER INVOKED BY: C:\SiLabs\MCU\IDEfiles\C51\BIN\C51.exe USBDescriptor.c DB OE BR INCDIR(c:\SiLabs\MCU\Inc)

line level    source

   1          //-----------------------------------------------------------------------------
   2          // USBDescriptor.c
   3          //-----------------------------------------------------------------------------
   4          //
   5          // Program Description:
   6          //
   7          // Source file for USB firmware. Includes descriptor data.
   8          //
   9          // Target:         C8051F32x
  10          // Tool chain:     Keil C51 7.50 / Keil EVAL C51
  11          //                 Silicon Laboratories IDE version 2.6
  12          // Project Name:   SHArK
  13          
  14          //-----------------------------------------------------------------------------
  15          // Includes
  16          //-----------------------------------------------------------------------------
  17          #include <compiler_defs.h>
  18          #include "USBRegister.h"
  19          #include "USBDescriptor.h"
  20          
  21          
  22          //-----------------------------------------------------------------------------
  23          // Descriptor Declarations
  24          //-----------------------------------------------------------------------------
  25          const device_descriptor DeviceDesc =
  26          {
  27             18,                  // bLength
  28             0x01,                // bDescriptorType
  29             { 0x1001 },          // bcdUSB
  30             0x00,                // bDeviceClass
  31             0x00,                // bDeviceSubClass
  32             0x00,                // bDeviceProtocol
  33             EP0_PACKET_SIZE,     // bMaxPacketSize0
*** ERROR C202 IN LINE 33 OF USBDESCRIPTOR.C: 'EP0_PACKET_SIZE': undefined identifier
  34             { 0x4E22 },          // idVendor
  35             { 0x0001 },          // idProduct
  36             { 0x0000 },          // bcdDevice
  37             0x01,                // iManufacturer
  38             0x02,                // iProduct
  39             0x00,                // iSerialNumber
  40             0x01                 // bNumConfigurations
  41          }; //end of DeviceDesc
  42          
  43          
  44          const configuration_descriptor ConfigDesc =
  45          {
  46             0x09,                // Length
  47             0x02,                // Type
  48             { 0x2000 },          // Totallength
  49             0x01,                // NumInterfaces
  50             0x01,                // bConfigurationValue
  51             0x00,                // iConfiguration
  52             0x80,                // bmAttributes
  53             0x0F                 // MaxPower
  54          }; //end of ConfigDesc
C51 COMPILER V8.18   USBDESCRIPTOR                                                         01/09/2011 07:21:29 PAGE 2   

  55          
  56          
  57          const interface_descriptor InterfaceDesc =
  58          {
  59             0x09,                // bLength
  60             0x04,                // bDescriptorType
  61             0x00,                // bInterfaceNumber
  62             0x00,                // bAlternateSetting
  63             0x02,                // bNumEndpoints
  64             0x00,                // bInterfaceClass
  65             0x00,                // bInterfaceSubClass
  66             0x00,                // bInterfaceProcotol
  67             0x00                 // iInterface
  68          }; //end of InterfaceDesc
  69          
  70          
  71          const endpoint_descriptor Endpoint1Desc =
  72          {
  73             0x07,                // bLength
  74             0x05,                // bDescriptorType
  75             0x81,                // bEndpointAddress
  76             0x02,                // bmAttributes (Bulk)
  77             { EP1_PACKET_SIZE_LE },  // MaxPacketSize (LITTLE ENDIAN)
*** ERROR C202 IN LINE 77 OF USBDESCRIPTOR.C: 'EP1_PACKET_SIZE_LE': undefined identifier
  78             10                   // bInterval
  79          }; //end of Endpoint1Desc
  80          
  81          
  82          const endpoint_descriptor Endpoint2Desc =
  83          {
  84             0x07,                // bLength
  85             0x05,                // bDescriptorType
  86             0x02,                // bEndpointAddress
  87             0x02,                // bmAttributes (Bulk)
  88             { EP2_PACKET_SIZE_LE },  // MaxPacketSize (LITTLE ENDIAN)
*** ERROR C202 IN LINE 88 OF USBDESCRIPTOR.C: 'EP2_PACKET_SIZE_LE': undefined identifier
  89             10                   // bInterval
  90          }; //end of Endpoint2Desc
  91          
  92          
  93          //-----------------------------------------------------------------------------
  94          // String Declarations
  95          //-----------------------------------------------------------------------------
  96          #define STR0LEN 4
  97          
  98          code const BYTE String0Desc[STR0LEN] =
*** ERROR C129 IN LINE 98 OF USBDESCRIPTOR.C: missing ';' before 'String0Desc'
  99          {
 100             STR0LEN, 0x03, 0x09, 0x04
 101          }; //end of String0Desc
 102          
 103          
 104          #define STR1LEN sizeof("RDH2 Science, LLC") * 2
 105          
 106          code const BYTE String1Desc[STR1LEN] =
 107          {
 108             STR1LEN, 0x03,
 109             'R', 0,
 110             'D', 0,
 111             'H', 0,
 112             '2', 0,
 113             ' ', 0,
C51 COMPILER V8.18   USBDESCRIPTOR                                                         01/09/2011 07:21:29 PAGE 3   

 114             'S', 0,
 115             'c', 0,
 116             'i', 0,
 117             'e', 0,
 118             'n', 0,
 119             'c', 0,
 120             'e', 0,
 121             ',', 0,
 122             ' ', 0,
 123             'L', 0,
 124             'L', 0,
 125             'C', 0
 126            }; //end of String1Desc
 127          
 128          
 129          #define STR2LEN sizeof("SHArK Driver Board") * 2
 130          
 131          code const BYTE String2Desc[STR2LEN] =
 132          {
 133             STR2LEN, 0x03,
 134             'S', 0,
 135             'H', 0,
 136             'A', 0,
 137             'r', 0,
 138             'K', 0,
 139             ' ', 0,
 140             'D', 0,
 141             'r', 0,
 142             'i', 0,
 143             'v', 0,
 144             'e', 0,
 145             'r', 0,
 146             ' ', 0,
 147             'B', 0,
 148             'o', 0,
 149             'a', 0,
 150             'r', 0,
 151             'd', 0
 152          }; //end of String2Desc
 153          
 154          
 155          U8* const StringDescTable[] =
 156          {
 157             String0Desc,
 158             String1Desc,
 159             String2Desc
 160          };

C51 COMPILATION COMPLETE.  0 WARNING(S),  4 ERROR(S)
